ENV =  production
Cerebro production inicialized
wss://fstream.binance.com/ws/btcusdt@kline_12h
se incializa estrategia base con index 0
[06-04-22 21:04] Base strategy initialized
[06-04-22 21:04] Using Surfing the Random Walk Scape 2 
Getting historical 12h
opened connection
[06-04-22 21:04] Close: 43260.400 % 
En el mes 4 el porcentage cambio es 1.0
4
[06-04-22 21:04] Close: 43261.800 % 
[06-04-22 21:04] Close: 43261.800 % 
[06-04-22 21:04] Close: 43262.100 % 
[06-04-22 21:04] Close: 43262.200 % 
[06-04-22 21:04] Close: 43260.000 % 
[06-04-22 21:04] Close: 43260.100 % 
[06-04-22 21:04] Close: 43260.100 % 
[06-04-22 21:04] Close: 43260.000 % 
[06-04-22 21:04] Close: 43260.000 % 
[06-04-22 21:04] Close: 43260.100 % 
[06-04-22 21:04] Close: 43260.100 % 
[06-04-22 21:04] Close: 43260.000 % 
[06-04-22 21:04] Close: 43260.100 % 
[06-04-22 21:04] Close: 43260.100 % 
[06-04-22 21:04] Close: 43260.000 % 
[06-04-22 21:04] Close: 43260.000 % 
[06-04-22 21:04] Close: 43260.100 % 
[06-04-22 21:04] Close: 43260.100 % 
[06-04-22 21:04] Close: 43260.000 % 
[06-04-22 21:04] Close: 43260.000 % 
[06-04-22 21:04] Close: 43255.800 % 
[06-04-22 21:04] Close: 43252.300 % 
[06-04-22 21:04] Close: 43252.300 % 
[06-04-22 21:04] Close: 43252.300 % 
[06-04-22 21:04] Close: 43252.200 % 
[06-04-22 21:04] Close: 43252.200 % 
[06-04-22 21:04] Close: 43261.000 % 
[06-04-22 21:04] Close: 43261.000 % 
[06-04-22 21:04] Close: 43261.000 % 
[06-04-22 21:04] Close: 43257.400 % 
[06-04-22 21:04] Close: 43251.600 % 
[06-04-22 21:04] Close: 43251.700 % 
[06-04-22 21:04] Close: 43251.700 % 
[06-04-22 21:05] Close: 43251.600 % 
[06-04-22 21:05] Close: 43251.700 % 
5
[06-04-22 21:05] Close: 43251.700 % 
[06-04-22 21:05] Close: 43259.400 % 
[06-04-22 21:05] Close: 43255.600 % 
[06-04-22 21:05] Close: 43252.800 % 
[06-04-22 21:05] Close: 43253.900 % 
[06-04-22 21:05] Close: 43256.900 % 
[06-04-22 21:05] Close: 43258.300 % 
[06-04-22 21:05] Close: 43258.300 % 
[06-04-22 21:05] Close: 43256.800 % 
[06-04-22 21:05] Close: 43256.800 % 
[06-04-22 21:05] Close: 43256.800 % 
[06-04-22 21:05] Close: 43255.800 % 
[06-04-22 21:05] Close: 43250.900 % 
[06-04-22 21:05] Close: 43252.800 % 
[06-04-22 21:05] Close: 43250.100 % 
[06-04-22 21:05] Close: 43255.800 % 
[06-04-22 21:05] Close: 43255.800 % 
[06-04-22 21:05] Close: 43255.800 % 
[06-04-22 21:05] Close: 43260.000 % 
[06-04-22 21:05] Close: 43260.100 % 
[06-04-22 21:05] Close: 43260.000 % 
[06-04-22 21:05] Close: 43262.600 % 
[06-04-22 21:05] Close: 43268.800 % 
[06-04-22 21:05] Close: 43273.500 % 
[06-04-22 21:05] Close: 43276.900 % 
[06-04-22 21:05] Close: 43277.000 % 
[06-04-22 21:05] Close: 43277.000 % 
[06-04-22 21:05] Close: 43276.900 % 
[06-04-22 21:05] Close: 43272.900 % 
[06-04-22 21:05] Close: 43273.100 % 
[06-04-22 21:05] Close: 43273.100 % 
[06-04-22 21:05] Close: 43269.700 % 
[06-04-22 21:05] Close: 43269.700 % 
[06-04-22 21:05] Close: 43269.700 % 
[06-04-22 21:05] Close: 43269.700 % 
[06-04-22 21:05] Close: 43269.600 % 
[06-04-22 21:05] Close: 43264.900 % 
[06-04-22 21:05] Close: 43261.600 % 
[06-04-22 21:05] Close: 43254.600 % 
[06-04-22 21:05] Close: 43254.700 % 
[06-04-22 21:05] Close: 43254.700 % 
[06-04-22 21:05] Close: 43250.500 % 
[06-04-22 21:05] Close: 43250.500 % 
[06-04-22 21:05] Close: 43250.500 % 
[06-04-22 21:05] Close: 43250.400 % 
[06-04-22 21:05] Close: 43247.600 % 
[06-04-22 21:05] Close: 43239.700 % 
[06-04-22 21:05] Close: 43235.400 % 
[06-04-22 21:05] Close: 43235.400 % 
[06-04-22 21:05] Close: 43235.300 % 
[06-04-22 21:05] Close: 43232.400 % 
[06-04-22 21:05] Close: 43232.300 % 
[06-04-22 21:05] Close: 43232.300 % 
[06-04-22 21:05] Close: 43232.300 % 
[06-04-22 21:05] Close: 43232.300 % 
[06-04-22 21:05] Close: 43232.300 % 
[06-04-22 21:05] Close: 43232.300 % 
[06-04-22 21:05] Close: 43232.300 % 
[06-04-22 21:05] Close: 43230.000 % 
[06-04-22 21:05] Close: 43229.900 % 
[06-04-22 21:05] Close: 43229.900 % 
[06-04-22 21:05] Close: 43229.900 % 
[06-04-22 21:05] Close: 43229.900 % 
[06-04-22 21:05] Close: 43227.600 % 
[06-04-22 21:05] Close: 43229.900 % 
[06-04-22 21:05] Close: 43230.000 % 
[06-04-22 21:05] Close: 43239.700 % 
[06-04-22 21:05] Close: 43244.000 % 
[06-04-22 21:05] Close: 43239.900 % 
[06-04-22 21:05] Close: 43239.900 % 
[06-04-22 21:05] Close: 43239.900 % 
[06-04-22 21:05] Close: 43240.000 % 
[06-04-22 21:05] Close: 43240.000 % 
[06-04-22 21:05] Close: 43240.000 % 
[06-04-22 21:05] Close: 43240.000 % 
[06-04-22 21:05] Close: 43243.900 % 
[06-04-22 21:05] Close: 43246.000 % 
[06-04-22 21:05] Close: 43246.000 % 
[06-04-22 21:05] Close: 43240.400 % 
[06-04-22 21:05] Close: 43239.100 % 
[06-04-22 21:05] Close: 43237.400 % 
[06-04-22 21:05] Close: 43230.300 % 
[06-04-22 21:05] Close: 43229.100 % 
[06-04-22 21:05] Close: 43229.100 % 
[06-04-22 21:05] Close: 43229.200 % 
[06-04-22 21:05] Close: 43229.200 % 
[06-04-22 21:05] Close: 43231.700 % 
[06-04-22 21:05] Close: 43233.200 % 
[06-04-22 21:05] Close: 43233.400 % 
[06-04-22 21:05] Close: 43233.400 % 
[06-04-22 21:05] Close: 43228.100 % 
[06-04-22 21:05] Close: 43228.200 % 
[06-04-22 21:05] Close: 43228.100 % 
[06-04-22 21:05] Close: 43228.100 % 
[06-04-22 21:05] Close: 43228.800 % 
[06-04-22 21:05] Close: 43228.900 % 
[06-04-22 21:05] Close: 43228.800 % 
[06-04-22 21:05] Close: 43228.900 % 
[06-04-22 21:05] Close: 43229.000 % 
[06-04-22 21:05] Close: 43232.600 % 
[06-04-22 21:05] Close: 43232.500 % 
[06-04-22 21:05] Close: 43228.900 % 
[06-04-22 21:05] Close: 43228.900 % 
[06-04-22 21:05] Close: 43227.700 % 
[06-04-22 21:05] Close: 43227.000 % 
[06-04-22 21:05] Close: 43225.400 % 
[06-04-22 21:05] Close: 43222.200 % 
[06-04-22 21:05] Close: 43220.300 % 
[06-04-22 21:05] Close: 43220.000 % 
[06-04-22 21:05] Close: 43219.900 % 
[06-04-22 21:05] Close: 43213.600 % 
[06-04-22 21:05] Close: 43213.600 % 
[06-04-22 21:05] Close: 43213.700 % 
[06-04-22 21:05] Close: 43223.400 % 
[06-04-22 21:05] Close: 43225.800 % 
[06-04-22 21:05] Close: 43225.800 % 
[06-04-22 21:05] Close: 43223.700 % 
[06-04-22 21:05] Close: 43223.600 % 
[06-04-22 21:05] Close: 43219.700 % 
[06-04-22 21:05] Close: 43219.800 % 
[06-04-22 21:05] Close: 43219.800 % 
[06-04-22 21:05] Close: 43219.700 % 
[06-04-22 21:05] Close: 43219.700 % 
[06-04-22 21:05] Close: 43219.700 % 
[06-04-22 21:05] Close: 43219.600 % 
[06-04-22 21:05] Close: 43219.700 % 
[06-04-22 21:05] Close: 43215.400 % 
[06-04-22 21:05] Close: 43215.400 % 
[06-04-22 21:05] Close: 43215.300 % 
[06-04-22 21:05] Close: 43215.400 % 
[06-04-22 21:05] Close: 43218.200 % 
[06-04-22 21:05] Close: 43218.300 % 
[06-04-22 21:05] Close: 43215.300 % 
[06-04-22 21:05] Close: 43220.000 % 
[06-04-22 21:05] Close: 43219.900 % 
[06-04-22 21:05] Close: 43219.900 % 
[06-04-22 21:05] Close: 43219.900 % 
[06-04-22 21:05] Close: 43219.900 % 
[06-04-22 21:05] Close: 43220.000 % 
[06-04-22 21:05] Close: 43218.400 % 
[06-04-22 21:05] Close: 43218.300 % 
[06-04-22 21:05] Close: 43218.400 % 
[06-04-22 21:05] Close: 43223.600 % 
[06-04-22 21:05] Close: 43225.600 % 
[06-04-22 21:05] Close: 43225.900 % 
[06-04-22 21:05] Close: 43226.800 % 
[06-04-22 21:05] Close: 43226.800 % 
[06-04-22 21:05] Close: 43229.300 % 
[06-04-22 21:05] Close: 43220.200 % 
[06-04-22 21:05] Close: 43218.600 % 
[06-04-22 21:05] Close: 43218.600 % 
[06-04-22 21:05] Close: 43218.700 % 
[06-04-22 21:05] Close: 43218.700 % 
[06-04-22 21:05] Close: 43224.000 % 
[06-04-22 21:05] Close: 43229.100 % 
[06-04-22 21:05] Close: 43229.000 % 
[06-04-22 21:05] Close: 43227.900 % 
[06-04-22 21:05] Close: 43228.000 % 
[06-04-22 21:05] Close: 43225.800 % 
[06-04-22 21:05] Close: 43225.400 % 
[06-04-22 21:05] Close: 43225.400 % 
[06-04-22 21:05] Close: 43220.000 % 
[06-04-22 21:05] Close: 43220.000 % 
[06-04-22 21:05] Close: 43219.900 % 
[06-04-22 21:05] Close: 43219.900 % 
[06-04-22 21:05] Close: 43218.400 % 
[06-04-22 21:05] Close: 43218.300 % 
[06-04-22 21:05] Close: 43218.300 % 
[06-04-22 21:05] Close: 43218.400 % 
[06-04-22 21:05] Close: 43218.400 % 
[06-04-22 21:05] Close: 43219.900 % 
[06-04-22 21:05] Close: 43220.000 % 
[06-04-22 21:05] Close: 43219.900 % 
[06-04-22 21:05] Close: 43219.900 % 
[06-04-22 21:05] Close: 43225.400 % 
[06-04-22 21:05] Close: 43225.300 % 
[06-04-22 21:05] Close: 43225.300 % 
[06-04-22 21:05] Close: 43225.400 % 
[06-04-22 21:05] Close: 43225.400 % 
[06-04-22 21:05] Close: 43227.900 % 
[06-04-22 21:05] Close: 43228.400 % 
[06-04-22 21:05] Close: 43229.000 % 
[06-04-22 21:05] Close: 43229.100 % 
[06-04-22 21:05] Close: 43229.000 % 
[06-04-22 21:05] Close: 43229.000 % 
[06-04-22 21:05] Close: 43223.900 % 
[06-04-22 21:05] Close: 43223.900 % 
[06-04-22 21:06] Close: 43220.900 % 
6
[06-04-22 21:06] Close: 43221.000 % 
[06-04-22 21:06] Close: 43220.900 % 
[06-04-22 21:06] Close: 43221.000 % 
[06-04-22 21:06] Close: 43220.900 % 
[06-04-22 21:06] Close: 43221.000 % 
[06-04-22 21:06] Close: 43219.400 % 
[06-04-22 21:06] Close: 43215.800 % 
[06-04-22 21:06] Close: 43214.600 % 
[06-04-22 21:06] Close: 43214.600 % 
[06-04-22 21:06] Close: 43214.500 % 
[06-04-22 21:06] Close: 43214.000 % 
[06-04-22 21:06] Close: 43210.600 % 
[06-04-22 21:06] Close: 43210.000 % 
[06-04-22 21:06] Close: 43210.100 % 
[06-04-22 21:06] Close: 43210.100 % 
[06-04-22 21:06] Close: 43210.000 % 
[06-04-22 21:06] Close: 43210.000 % 
[06-04-22 21:06] Close: 43206.100 % 
[06-04-22 21:06] Close: 43206.000 % 
[06-04-22 21:06] Close: 43205.500 % 
[06-04-22 21:06] Close: 43205.500 % 
[06-04-22 21:06] Close: 43205.400 % 
[06-04-22 21:06] Close: 43205.400 % 
[06-04-22 21:06] Close: 43200.100 % 
[06-04-22 21:06] Close: 43200.100 % 
[06-04-22 21:06] Close: 43200.000 % 
[06-04-22 21:06] Close: 43200.000 % 
[06-04-22 21:06] Close: 43200.100 % 
[06-04-22 21:06] Close: 43200.000 % 
[06-04-22 21:06] Close: 43203.100 % 
[06-04-22 21:06] Close: 43201.700 % 
[06-04-22 21:06] Close: 43200.100 % 
[06-04-22 21:06] Close: 43200.000 % 
[06-04-22 21:06] Close: 43200.100 % 
[06-04-22 21:06] Close: 43200.100 % 
[06-04-22 21:06] Close: 43200.100 % 
[06-04-22 21:06] Close: 43203.000 % 
[06-04-22 21:06] Close: 43200.000 % 
[06-04-22 21:06] Close: 43200.100 % 
[06-04-22 21:06] Close: 43198.700 % 
[06-04-22 21:06] Close: 43198.700 % 
[06-04-22 21:06] Close: 43198.600 % 
[06-04-22 21:06] Close: 43198.700 % 
[06-04-22 21:06] Close: 43203.700 % 
[06-04-22 21:06] Close: 43204.500 % 
[06-04-22 21:06] Close: 43210.000 % 
[06-04-22 21:06] Close: 43212.800 % 
[06-04-22 21:06] Close: 43212.900 % 
[06-04-22 21:06] Close: 43213.900 % 
[06-04-22 21:06] Close: 43219.700 % 
[06-04-22 21:06] Close: 43226.200 % 
[06-04-22 21:06] Close: 43226.400 % 
[06-04-22 21:06] Close: 43231.200 % 
[06-04-22 21:06] Close: 43231.200 % 
[06-04-22 21:06] Close: 43227.100 % 
[06-04-22 21:06] Close: 43223.000 % 
[06-04-22 21:06] Close: 43222.200 % 
[06-04-22 21:06] Close: 43222.300 % 
[06-04-22 21:06] Close: 43222.200 % 
[06-04-22 21:06] Close: 43213.600 % 
[06-04-22 21:06] Close: 43212.300 % 
[06-04-22 21:06] Close: 43210.400 % 
[06-04-22 21:06] Close: 43203.600 % 
[06-04-22 21:06] Close: 43203.600 % 
[06-04-22 21:06] Close: 43203.700 % 
[06-04-22 21:06] Close: 43203.600 % 
[06-04-22 21:06] Close: 43200.000 % 
[06-04-22 21:06] Close: 43199.400 % 
[06-04-22 21:06] Close: 43199.400 % 
[06-04-22 21:06] Close: 43199.400 % 
[06-04-22 21:06] Close: 43194.900 % 
[06-04-22 21:06] Close: 43194.900 % 
[06-04-22 21:06] Close: 43199.300 % 
[06-04-22 21:06] Close: 43199.400 % 
[06-04-22 21:06] Close: 43199.300 % 
[06-04-22 21:06] Close: 43199.300 % 
[06-04-22 21:06] Close: 43198.300 % 
[06-04-22 21:06] Close: 43196.000 % 
[06-04-22 21:06] Close: 43195.900 % 
[06-04-22 21:06] Close: 43197.000 % 
[06-04-22 21:06] Close: 43197.100 % 
[06-04-22 21:06] Close: 43199.500 % 
[06-04-22 21:06] Close: 43199.900 % 
[06-04-22 21:06] Close: 43200.000 % 
[06-04-22 21:06] Close: 43199.900 % 
[06-04-22 21:06] Close: 43200.000 % 
[06-04-22 21:06] Close: 43201.700 % 
[06-04-22 21:06] Close: 43199.900 % 
[06-04-22 21:06] Close: 43195.600 % 
[06-04-22 21:06] Close: 43195.500 % 
[06-04-22 21:06] Close: 43192.400 % 
[06-04-22 21:06] Close: 43189.700 % 
[06-04-22 21:06] Close: 43180.000 % 
[06-04-22 21:06] Close: 43180.000 % 
[06-04-22 21:06] Close: 43179.900 % 
[06-04-22 21:06] Close: 43179.900 % 
[06-04-22 21:06] Close: 43179.900 % 
[06-04-22 21:06] Close: 43178.100 % 
[06-04-22 21:06] Close: 43178.100 % 
[06-04-22 21:06] Close: 43185.700 % 
[06-04-22 21:06] Close: 43185.700 % 
[06-04-22 21:06] Close: 43183.900 % 
[06-04-22 21:06] Close: 43181.000 % 
[06-04-22 21:06] Close: 43180.900 % 
[06-04-22 21:06] Close: 43181.000 % 
[06-04-22 21:06] Close: 43177.100 % 
[06-04-22 21:06] Close: 43177.100 % 
[06-04-22 21:06] Close: 43177.000 % 
[06-04-22 21:06] Close: 43177.000 % 
[06-04-22 21:06] Close: 43177.100 % 
[06-04-22 21:06] Close: 43177.100 % 
[06-04-22 21:06] Close: 43175.200 % 
[06-04-22 21:06] Close: 43173.100 % 
[06-04-22 21:06] Close: 43173.100 % 
[06-04-22 21:06] Close: 43173.100 % 
[06-04-22 21:06] Close: 43173.000 % 
[06-04-22 21:06] Close: 43173.100 % 
[06-04-22 21:06] Close: 43176.600 % 
[06-04-22 21:06] Close: 43180.500 % 
[06-04-22 21:06] Close: 43185.600 % 
[06-04-22 21:06] Close: 43187.300 % 
[06-04-22 21:06] Close: 43187.300 % 
[06-04-22 21:06] Close: 43187.300 % 
[06-04-22 21:06] Close: 43187.300 % 
[06-04-22 21:06] Close: 43179.900 % 
[06-04-22 21:06] Close: 43179.900 % 
[06-04-22 21:06] Close: 43179.900 % 
[06-04-22 21:06] Close: 43179.800 % 
[06-04-22 21:06] Close: 43179.900 % 
[06-04-22 21:06] Close: 43182.200 % 
[06-04-22 21:06] Close: 43186.700 % 
[06-04-22 21:06] Close: 43186.800 % 
[06-04-22 21:06] Close: 43186.700 % 
[06-04-22 21:06] Close: 43186.700 % 
[06-04-22 21:06] Close: 43186.800 % 
[06-04-22 21:06] Close: 43186.700 % 
[06-04-22 21:06] Close: 43182.900 % 
[06-04-22 21:06] Close: 43182.900 % 
[06-04-22 21:06] Close: 43182.900 % 
[06-04-22 21:06] Close: 43182.900 % 
[06-04-22 21:06] Close: 43183.600 % 
[06-04-22 21:06] Close: 43183.700 % 
[06-04-22 21:06] Close: 43183.600 % 
[06-04-22 21:06] Close: 43180.000 % 
[06-04-22 21:06] Close: 43178.200 % 
[06-04-22 21:06] Close: 43178.200 % 
[06-04-22 21:06] Close: 43178.100 % 
[06-04-22 21:06] Close: 43178.200 % 
[06-04-22 21:06] Close: 43178.100 % 
[06-04-22 21:06] Close: 43184.400 % 
[06-04-22 21:06] Close: 43184.600 % 
[06-04-22 21:06] Close: 43186.200 % 
[06-04-22 21:06] Close: 43186.200 % 
[06-04-22 21:06] Close: 43186.200 % 
[06-04-22 21:06] Close: 43186.200 % 
[06-04-22 21:06] Close: 43182.900 % 
[06-04-22 21:06] Close: 43181.100 % 
[06-04-22 21:06] Close: 43180.100 % 
[06-04-22 21:06] Close: 43180.000 % 
[06-04-22 21:06] Close: 43178.200 % 
[06-04-22 21:06] Close: 43178.300 % 
[06-04-22 21:06] Close: 43178.200 % 
[06-04-22 21:06] Close: 43178.300 % 
[06-04-22 21:06] Close: 43178.200 % 
[06-04-22 21:06] Close: 43178.300 % 
[06-04-22 21:06] Close: 43178.300 % 
[06-04-22 21:06] Close: 43177.100 % 
[06-04-22 21:06] Close: 43176.000 % 
[06-04-22 21:06] Close: 43176.100 % 
[06-04-22 21:06] Close: 43175.400 % 
[06-04-22 21:06] Close: 43172.600 % 
[06-04-22 21:06] Close: 43172.600 % 
[06-04-22 21:06] Close: 43172.600 % 
[06-04-22 21:06] Close: 43172.700 % 
[06-04-22 21:06] Close: 43165.100 % 
[06-04-22 21:06] Close: 43168.100 % 
[06-04-22 21:06] Close: 43162.300 % 
[06-04-22 21:06] Close: 43162.200 % 
[06-04-22 21:06] Close: 43162.200 % 
[06-04-22 21:06] Close: 43162.200 % 
[06-04-22 21:06] Close: 43166.600 % 
[06-04-22 21:06] Close: 43166.700 % 
[06-04-22 21:06] Close: 43170.200 % 
[06-04-22 21:06] Close: 43170.200 % 
[06-04-22 21:06] Close: 43170.100 % 
[06-04-22 21:07] Close: 43167.500 % 
7
[06-04-22 21:07] Close: 43167.500 % 
[06-04-22 21:07] Close: 43167.400 % 
[06-04-22 21:07] Close: 43167.500 % 
[06-04-22 21:07] Close: 43167.400 % 
[06-04-22 21:07] Close: 43167.400 % 
[06-04-22 21:07] Close: 43167.400 % 
[06-04-22 21:07] Close: 43167.400 % 
[06-04-22 21:07] Close: 43167.500 % 
[06-04-22 21:07] Close: 43167.500 % 
[06-04-22 21:07] Close: 43167.400 % 
[06-04-22 21:07] Close: 43167.500 % 
[06-04-22 21:07] Close: 43167.100 % 
[06-04-22 21:07] Close: 43165.200 % 
[06-04-22 21:07] Close: 43162.400 % 
[06-04-22 21:07] Close: 43160.100 % 
[06-04-22 21:07] Close: 43160.200 % 
[06-04-22 21:07] Close: 43160.200 % 
[06-04-22 21:07] Close: 43160.200 % 
[06-04-22 21:07] Close: 43164.400 % 
[06-04-22 21:07] Close: 43164.400 % 
[06-04-22 21:07] Close: 43164.500 % 
[06-04-22 21:07] Close: 43165.800 % 
[06-04-22 21:07] Close: 43165.900 % 
[06-04-22 21:07] Close: 43165.900 % 
[06-04-22 21:07] Close: 43165.800 % 
[06-04-22 21:07] Close: 43165.900 % 
[06-04-22 21:07] Close: 43165.800 % 
[06-04-22 21:07] Close: 43165.900 % 
[06-04-22 21:07] Close: 43167.300 % 
[06-04-22 21:07] Close: 43164.700 % 
[06-04-22 21:07] Close: 43164.600 % 
[06-04-22 21:07] Close: 43164.600 % 
[06-04-22 21:07] Close: 43164.600 % 
[06-04-22 21:07] Close: 43162.700 % 
[06-04-22 21:07] Close: 43165.900 % 
[06-04-22 21:07] Close: 43165.500 % 
[06-04-22 21:07] Close: 43165.600 % 
[06-04-22 21:07] Close: 43163.800 % 
[06-04-22 21:07] Close: 43163.800 % 
[06-04-22 21:07] Close: 43161.800 % 
[06-04-22 21:07] Close: 43160.300 % 
[06-04-22 21:07] Close: 43160.300 % 
[06-04-22 21:07] Close: 43166.200 % 
[06-04-22 21:07] Close: 43166.400 % 
[06-04-22 21:07] Close: 43172.500 % 
[06-04-22 21:07] Close: 43172.500 % 
[06-04-22 21:07] Close: 43172.500 % 
[06-04-22 21:07] Close: 43172.500 % 
[06-04-22 21:07] Close: 43175.700 % 
[06-04-22 21:07] Close: 43175.700 % 
[06-04-22 21:07] Close: 43175.600 % 
[06-04-22 21:07] Close: 43175.600 % 
[06-04-22 21:07] Close: 43175.700 % 
[06-04-22 21:07] Close: 43177.900 % 
[06-04-22 21:07] Close: 43177.900 % 
[06-04-22 21:07] Close: 43178.000 % 
[06-04-22 21:07] Close: 43177.900 % 
[06-04-22 21:07] Close: 43177.900 % 
[06-04-22 21:07] Close: 43169.200 % 
[06-04-22 21:07] Close: 43169.100 % 
[06-04-22 21:07] Close: 43165.800 % 
[06-04-22 21:07] Close: 43160.300 % 
[06-04-22 21:07] Close: 43163.000 % 
[06-04-22 21:07] Close: 43163.000 % 
[06-04-22 21:07] Close: 43162.900 % 
[06-04-22 21:07] Close: 43163.000 % 
[06-04-22 21:07] Close: 43167.400 % 
[06-04-22 21:07] Close: 43172.500 % 
[06-04-22 21:07] Close: 43172.400 % 
[06-04-22 21:07] Close: 43168.600 % 
[06-04-22 21:07] Close: 43167.700 % 
[06-04-22 21:07] Close: 43164.100 % 
[06-04-22 21:07] Close: 43164.100 % 
[06-04-22 21:07] Close: 43161.800 % 
[06-04-22 21:07] Close: 43165.900 % 
[06-04-22 21:07] Close: 43165.800 % 
[06-04-22 21:07] Close: 43165.800 % 
[06-04-22 21:07] Close: 43165.900 % 
[06-04-22 21:07] Close: 43169.600 % 
[06-04-22 21:07] Close: 43170.200 % 
[06-04-22 21:07] Close: 43170.300 % 
[06-04-22 21:07] Close: 43170.300 % 
[06-04-22 21:07] Close: 43168.000 % 
[06-04-22 21:07] Close: 43168.100 % 
[06-04-22 21:07] Close: 43164.300 % 
[06-04-22 21:07] Close: 43164.400 % 
[06-04-22 21:07] Close: 43164.300 % 
[06-04-22 21:07] Close: 43164.300 % 
[06-04-22 21:07] Close: 43164.400 % 
[06-04-22 21:07] Close: 43164.300 % 
[06-04-22 21:07] Close: 43164.400 % 
[06-04-22 21:07] Close: 43164.400 % 
[06-04-22 21:07] Close: 43164.300 % 
[06-04-22 21:07] Close: 43164.400 % 
[06-04-22 21:07] Close: 43164.300 % 
[06-04-22 21:07] Close: 43164.300 % 
[06-04-22 21:07] Close: 43164.400 % 
[06-04-22 21:07] Close: 43166.200 % 
[06-04-22 21:07] Close: 43166.300 % 
[06-04-22 21:07] Close: 43166.200 % 
[06-04-22 21:07] Close: 43166.300 % 
[06-04-22 21:07] Close: 43167.300 % 
[06-04-22 21:07] Close: 43167.300 % 
[06-04-22 21:07] Close: 43167.400 % 
[06-04-22 21:07] Close: 43167.400 % 
[06-04-22 21:07] Close: 43167.400 % 
[06-04-22 21:07] Close: 43167.400 % 
[06-04-22 21:07] Close: 43167.400 % 
[06-04-22 21:07] Close: 43167.400 % 
[06-04-22 21:07] Close: 43167.400 % 
[06-04-22 21:07] Close: 43167.400 % 
[06-04-22 21:07] Close: 43167.300 % 
[06-04-22 21:07] Close: 43167.300 % 
[06-04-22 21:07] Close: 43165.000 % 
[06-04-22 21:07] Close: 43165.000 % 
[06-04-22 21:07] Close: 43164.000 % 
[06-04-22 21:07] Close: 43163.000 % 
[06-04-22 21:07] Close: 43163.000 % 
[06-04-22 21:07] Close: 43161.000 % 
[06-04-22 21:07] Close: 43160.900 % 
[06-04-22 21:07] Close: 43161.000 % 
[06-04-22 21:07] Close: 43161.000 % 
[06-04-22 21:07] Close: 43160.900 % 
[06-04-22 21:07] Close: 43160.900 % 
[06-04-22 21:07] Close: 43160.500 % 
[06-04-22 21:07] Close: 43160.500 % 
[06-04-22 21:07] Close: 43160.400 % 
[06-04-22 21:07] Close: 43160.400 % 
[06-04-22 21:07] Close: 43164.300 % 
[06-04-22 21:07] Close: 43164.400 % 
[06-04-22 21:07] Close: 43165.400 % 
[06-04-22 21:07] Close: 43165.500 % 
[06-04-22 21:07] Close: 43158.000 % 
[06-04-22 21:07] Close: 43159.600 % 
[06-04-22 21:07] Close: 43159.700 % 
[06-04-22 21:07] Close: 43159.600 % 
[06-04-22 21:07] Close: 43159.700 % 
[06-04-22 21:07] Close: 43159.600 % 
[06-04-22 21:07] Close: 43159.600 % 
[06-04-22 21:07] Close: 43165.300 % 
[06-04-22 21:07] Close: 43165.400 % 
[06-04-22 21:07] Close: 43167.300 % 
[06-04-22 21:07] Close: 43164.000 % 
[06-04-22 21:07] Close: 43164.100 % 
[06-04-22 21:07] Close: 43164.000 % 
[06-04-22 21:07] Close: 43164.000 % 
[06-04-22 21:07] Close: 43166.400 % 
[06-04-22 21:07] Close: 43166.300 % 
[06-04-22 21:07] Close: 43166.300 % 
[06-04-22 21:07] Close: 43166.400 % 
[06-04-22 21:07] Close: 43166.300 % 
[06-04-22 21:07] Close: 43166.300 % 
[06-04-22 21:07] Close: 43165.400 % 
[06-04-22 21:07] Close: 43164.200 % 
[06-04-22 21:07] Close: 43164.200 % 
[06-04-22 21:07] Close: 43164.200 % 
[06-04-22 21:07] Close: 43164.200 % 
[06-04-22 21:07] Close: 43164.100 % 
[06-04-22 21:07] Close: 43164.100 % 
[06-04-22 21:07] Close: 43164.200 % 
[06-04-22 21:07] Close: 43164.200 % 
[06-04-22 21:07] Close: 43164.200 % 
[06-04-22 21:07] Close: 43164.300 % 
[06-04-22 21:07] Close: 43164.300 % 
[06-04-22 21:07] Close: 43165.200 % 
[06-04-22 21:07] Close: 43165.300 % 
[06-04-22 21:07] Close: 43167.300 % 
[06-04-22 21:07] Close: 43167.200 % 
[06-04-22 21:07] Close: 43167.300 % 
[06-04-22 21:07] Close: 43168.100 % 
[06-04-22 21:07] Close: 43170.600 % 
[06-04-22 21:07] Close: 43170.500 % 
[06-04-22 21:07] Close: 43175.000 % 
[06-04-22 21:07] Close: 43177.900 % 
[06-04-22 21:07] Close: 43180.200 % 
[06-04-22 21:07] Close: 43186.200 % 
[06-04-22 21:07] Close: 43186.200 % 
[06-04-22 21:07] Close: 43186.900 % 
[06-04-22 21:07] Close: 43187.000 % 
[06-04-22 21:07] Close: 43187.400 % 
[06-04-22 21:08] Close: 43187.400 % 
8
[06-04-22 21:08] Close: 43188.700 % 
[06-04-22 21:08] Close: 43189.100 % 
[06-04-22 21:08] Close: 43200.600 % 
[06-04-22 21:08] Close: 43200.600 % 
[06-04-22 21:08] Close: 43200.600 % 
[06-04-22 21:08] Close: 43200.600 % 
[06-04-22 21:08] Close: 43200.600 % 
[06-04-22 21:08] Close: 43195.300 % 
[06-04-22 21:08] Close: 43193.900 % 
[06-04-22 21:08] Close: 43193.900 % 
[06-04-22 21:08] Close: 43193.800 % 
[06-04-22 21:08] Close: 43193.900 % 
[06-04-22 21:08] Close: 43189.200 % 
[06-04-22 21:08] Close: 43189.100 % 
[06-04-22 21:08] Close: 43191.800 % 
[06-04-22 21:08] Close: 43189.200 % 
[06-04-22 21:08] Close: 43189.300 % 
[06-04-22 21:08] Close: 43189.300 % 
[06-04-22 21:08] Close: 43188.000 % 
[06-04-22 21:08] Close: 43188.600 % 
[06-04-22 21:08] Close: 43188.800 % 
[06-04-22 21:08] Close: 43188.800 % 
[06-04-22 21:08] Close: 43193.100 % 
[06-04-22 21:08] Close: 43193.000 % 
[06-04-22 21:08] Close: 43193.000 % 
[06-04-22 21:08] Close: 43193.100 % 
[06-04-22 21:08] Close: 43193.000 % 
[06-04-22 21:08] Close: 43188.600 % 
[06-04-22 21:08] Close: 43186.100 % 
[06-04-22 21:08] Close: 43186.100 % 
[06-04-22 21:08] Close: 43186.100 % 
[06-04-22 21:08] Close: 43190.600 % 
[06-04-22 21:08] Close: 43192.900 % 
[06-04-22 21:08] Close: 43192.900 % 
[06-04-22 21:08] Close: 43192.900 % 
[06-04-22 21:08] Close: 43197.400 % 
[06-04-22 21:08] Close: 43200.000 % 
[06-04-22 21:08] Close: 43200.600 % 
[06-04-22 21:08] Close: 43200.900 % 
[06-04-22 21:08] Close: 43201.600 % 
[06-04-22 21:08] Close: 43203.700 % 
[06-04-22 21:08] Close: 43206.300 % 
[06-04-22 21:08] Close: 43206.200 % 
[06-04-22 21:08] Close: 43206.300 % 
[06-04-22 21:08] Close: 43210.800 % 
[06-04-22 21:08] Close: 43210.700 % 
[06-04-22 21:08] Close: 43210.700 % 
[06-04-22 21:08] Close: 43210.800 % 
[06-04-22 21:08] Close: 43206.900 % 
[06-04-22 21:08] Close: 43206.900 % 
[06-04-22 21:08] Close: 43203.300 % 
[06-04-22 21:08] Close: 43201.000 % 
[06-04-22 21:08] Close: 43195.200 % 
[06-04-22 21:08] Close: 43194.500 % 
[06-04-22 21:08] Close: 43191.400 % 
[06-04-22 21:08] Close: 43187.700 % 
[06-04-22 21:08] Close: 43186.100 % 
[06-04-22 21:08] Close: 43186.200 % 
[06-04-22 21:08] Close: 43186.100 % 
[06-04-22 21:08] Close: 43183.800 % 
[06-04-22 21:08] Close: 43183.700 % 
[06-04-22 21:08] Close: 43183.700 % 
[06-04-22 21:08] Close: 43180.900 % 
[06-04-22 21:08] Close: 43181.000 % 
[06-04-22 21:08] Close: 43176.600 % 
[06-04-22 21:08] Close: 43176.600 % 
[06-04-22 21:08] Close: 43176.700 % 
[06-04-22 21:08] Close: 43174.900 % 
[06-04-22 21:08] Close: 43175.000 % 
[06-04-22 21:08] Close: 43175.000 % 
[06-04-22 21:08] Close: 43176.500 % 
[06-04-22 21:08] Close: 43176.500 % 
[06-04-22 21:08] Close: 43176.500 % 
[06-04-22 21:08] Close: 43176.800 % 
[06-04-22 21:08] Close: 43168.700 % 
[06-04-22 21:08] Close: 43168.600 % 
[06-04-22 21:08] Close: 43168.500 % 
[06-04-22 21:08] Close: 43168.500 % 
[06-04-22 21:08] Close: 43168.500 % 
[06-04-22 21:08] Close: 43168.500 % 
[06-04-22 21:08] Close: 43168.500 % 
[06-04-22 21:08] Close: 43167.400 % 
[06-04-22 21:08] Close: 43166.300 % 
[06-04-22 21:08] Close: 43164.900 % 
[06-04-22 21:08] Close: 43160.200 % 
[06-04-22 21:08] Close: 43160.100 % 
[06-04-22 21:08] Close: 43160.200 % 
[06-04-22 21:08] Close: 43160.200 % 
[06-04-22 21:08] Close: 43160.200 % 
[06-04-22 21:08] Close: 43165.100 % 
[06-04-22 21:08] Close: 43168.700 % 
[06-04-22 21:08] Close: 43168.800 % 
[06-04-22 21:08] Close: 43168.900 % 
[06-04-22 21:08] Close: 43170.900 % 
[06-04-22 21:08] Close: 43165.900 % 
[06-04-22 21:08] Close: 43168.800 % 
[06-04-22 21:08] Close: 43165.100 % 
[06-04-22 21:08] Close: 43165.200 % 
[06-04-22 21:08] Close: 43165.200 % 
[06-04-22 21:08] Close: 43165.200 % 
[06-04-22 21:08] Close: 43165.100 % 
[06-04-22 21:08] Close: 43165.200 % 
[06-04-22 21:08] Close: 43165.200 % 
[06-04-22 21:08] Close: 43165.100 % 
[06-04-22 21:08] Close: 43165.100 % 
[06-04-22 21:08] Close: 43165.200 % 
[06-04-22 21:08] Close: 43165.100 % 
[06-04-22 21:08] Close: 43165.200 % 
[06-04-22 21:08] Close: 43165.100 % 
[06-04-22 21:08] Close: 43169.100 % 
[06-04-22 21:08] Close: 43169.200 % 
[06-04-22 21:08] Close: 43175.200 % 
[06-04-22 21:08] Close: 43175.300 % 
[06-04-22 21:08] Close: 43175.200 % 
[06-04-22 21:08] Close: 43175.200 % 
[06-04-22 21:08] Close: 43179.300 % 
[06-04-22 21:08] Close: 43179.200 % 
[06-04-22 21:08] Close: 43179.300 % 
[06-04-22 21:08] Close: 43187.400 % 
[06-04-22 21:08] Close: 43188.500 % 
[06-04-22 21:08] Close: 43188.600 % 
[06-04-22 21:08] Close: 43188.500 % 
[06-04-22 21:08] Close: 43189.300 % 
[06-04-22 21:08] Close: 43189.900 % 
[06-04-22 21:08] Close: 43190.000 % 
[06-04-22 21:08] Close: 43194.900 % 
[06-04-22 21:08] Close: 43191.000 % 
[06-04-22 21:08] Close: 43185.700 % 
[06-04-22 21:08] Close: 43183.500 % 
[06-04-22 21:08] Close: 43182.800 % 
[06-04-22 21:08] Close: 43176.300 % 
[06-04-22 21:08] Close: 43175.300 % 
[06-04-22 21:08] Close: 43175.300 % 
[06-04-22 21:08] Close: 43174.900 % 
[06-04-22 21:08] Close: 43168.100 % 
[06-04-22 21:08] Close: 43168.200 % 
[06-04-22 21:08] Close: 43168.200 % 
[06-04-22 21:08] Close: 43168.200 % 
[06-04-22 21:08] Close: 43166.700 % 
[06-04-22 21:08] Close: 43166.000 % 
[06-04-22 21:08] Close: 43166.000 % 
[06-04-22 21:08] Close: 43165.900 % 
[06-04-22 21:08] Close: 43171.000 % 
[06-04-22 21:08] Close: 43173.200 % 
[06-04-22 21:08] Close: 43173.300 % 
[06-04-22 21:08] Close: 43173.300 % 
[06-04-22 21:08] Close: 43172.400 % 
[06-04-22 21:08] Close: 43168.800 % 
[06-04-22 21:08] Close: 43168.800 % 
[06-04-22 21:08] Close: 43168.300 % 
[06-04-22 21:08] Close: 43168.100 % 
[06-04-22 21:08] Close: 43168.200 % 
[06-04-22 21:08] Close: 43168.200 % 
[06-04-22 21:08] Close: 43168.100 % 
[06-04-22 21:08] Close: 43166.000 % 
[06-04-22 21:08] Close: 43166.000 % 
[06-04-22 21:08] Close: 43164.800 % 
[06-04-22 21:08] Close: 43170.000 % 
[06-04-22 21:08] Close: 43169.900 % 
[06-04-22 21:08] Close: 43169.900 % 
[06-04-22 21:08] Close: 43169.900 % 
[06-04-22 21:08] Close: 43170.000 % 
[06-04-22 21:08] Close: 43170.000 % 
[06-04-22 21:08] Close: 43170.000 % 
[06-04-22 21:08] Close: 43172.400 % 
[06-04-22 21:08] Close: 43174.500 % 
[06-04-22 21:08] Close: 43179.600 % 
[06-04-22 21:08] Close: 43179.700 % 
[06-04-22 21:08] Close: 43179.600 % 
[06-04-22 21:08] Close: 43179.600 % 
[06-04-22 21:08] Close: 43179.700 % 
[06-04-22 21:08] Close: 43179.700 % 
[06-04-22 21:08] Close: 43179.700 % 
[06-04-22 21:09] Close: 43179.600 % 
[06-04-22 21:09] Close: 43179.700 % 
9
[06-04-22 21:09] Close: 43179.700 % 
[06-04-22 21:09] Close: 43179.600 % 
[06-04-22 21:09] Close: 43162.800 % 
[06-04-22 21:09] Close: 43161.500 % 
[06-04-22 21:09] Close: 43162.900 % 
[06-04-22 21:09] Close: 43163.900 % 
[06-04-22 21:09] Close: 43163.900 % 
[06-04-22 21:09] Close: 43166.900 % 
[06-04-22 21:09] Close: 43166.900 % 
[06-04-22 21:09] Close: 43166.800 % 
[06-04-22 21:09] Close: 43166.800 % 
[06-04-22 21:09] Close: 43166.900 % 
[06-04-22 21:09] Close: 43166.800 % 
[06-04-22 21:09] Close: 43166.900 % 
[06-04-22 21:09] Close: 43166.900 % 
[06-04-22 21:09] Close: 43166.900 % 
[06-04-22 21:09] Close: 43169.700 % 
[06-04-22 21:09] Close: 43173.500 % 
[06-04-22 21:09] Close: 43173.600 % 
[06-04-22 21:09] Close: 43173.500 % 
[06-04-22 21:09] Close: 43173.600 % 
[06-04-22 21:09] Close: 43173.500 % 
[06-04-22 21:09] Close: 43173.500 % 
[06-04-22 21:09] Close: 43173.500 % 
[06-04-22 21:09] Close: 43173.500 % 
[06-04-22 21:09] Close: 43173.600 % 
[06-04-22 21:09] Close: 43173.600 % 
[06-04-22 21:09] Close: 43173.600 % 
[06-04-22 21:09] Close: 43173.600 % 
[06-04-22 21:09] Close: 43180.100 % 
[06-04-22 21:09] Close: 43180.000 % 
[06-04-22 21:09] Close: 43180.000 % 
[06-04-22 21:09] Close: 43175.800 % 
[06-04-22 21:09] Close: 43175.300 % 
[06-04-22 21:09] Close: 43173.600 % 
[06-04-22 21:09] Close: 43173.600 % 
[06-04-22 21:09] Close: 43173.500 % 
[06-04-22 21:09] Close: 43173.500 % 
[06-04-22 21:09] Close: 43173.500 % 
[06-04-22 21:09] Close: 43173.600 % 
[06-04-22 21:09] Close: 43173.500 % 
[06-04-22 21:09] Close: 43173.500 % 
[06-04-22 21:09] Close: 43173.600 % 
[06-04-22 21:09] Close: 43173.500 % 
[06-04-22 21:09] Close: 43173.500 % 
[06-04-22 21:09] Close: 43173.600 % 
[06-04-22 21:09] Close: 43173.500 % 
[06-04-22 21:09] Close: 43173.600 % 
[06-04-22 21:09] Close: 43173.500 % 
[06-04-22 21:09] Close: 43160.200 % 
[06-04-22 21:09] Close: 43160.000 % 
[06-04-22 21:09] Close: 43160.000 % 
[06-04-22 21:09] Close: 43164.500 % 
[06-04-22 21:09] Close: 43168.900 % 
[06-04-22 21:09] Close: 43171.900 % 
[06-04-22 21:09] Close: 43172.000 % 
[06-04-22 21:09] Close: 43171.900 % 
[06-04-22 21:09] Close: 43171.900 % 
[06-04-22 21:09] Close: 43172.000 % 
[06-04-22 21:09] Close: 43166.700 % 
[06-04-22 21:09] Close: 43166.700 % 
[06-04-22 21:09] Close: 43165.600 % 
[06-04-22 21:09] Close: 43170.400 % 
[06-04-22 21:09] Close: 43170.400 % 
[06-04-22 21:09] Close: 43174.600 % 
[06-04-22 21:09] Close: 43174.900 % 
[06-04-22 21:09] Close: 43174.900 % 
[06-04-22 21:09] Close: 43174.900 % 
[06-04-22 21:09] Close: 43174.900 % 
[06-04-22 21:09] Close: 43175.000 % 
[06-04-22 21:09] Close: 43175.000 % 
[06-04-22 21:09] Close: 43179.000 % 
[06-04-22 21:09] Close: 43179.000 % 
[06-04-22 21:09] Close: 43179.100 % 
[06-04-22 21:09] Close: 43179.100 % 
[06-04-22 21:09] Close: 43179.000 % 
[06-04-22 21:09] Close: 43179.100 % 
[06-04-22 21:09] Close: 43179.000 % 
[06-04-22 21:09] Close: 43179.000 % 
[06-04-22 21:09] Close: 43179.100 % 
[06-04-22 21:09] Close: 43179.000 % 
[06-04-22 21:09] Close: 43179.100 % 
[06-04-22 21:09] Close: 43179.100 % 
[06-04-22 21:09] Close: 43179.100 % 
[06-04-22 21:09] Close: 43179.100 % 
[06-04-22 21:09] Close: 43179.100 % 
[06-04-22 21:09] Close: 43183.900 % 
[06-04-22 21:09] Close: 43184.500 % 
[06-04-22 21:09] Close: 43190.700 % 
[06-04-22 21:09] Close: 43192.800 % 
[06-04-22 21:09] Close: 43192.700 % 
[06-04-22 21:09] Close: 43192.700 % 
[06-04-22 21:09] Close: 43192.700 % 
[06-04-22 21:09] Close: 43190.900 % 
[06-04-22 21:09] Close: 43187.500 % 
[06-04-22 21:09] Close: 43186.600 % 
[06-04-22 21:09] Close: 43186.700 % 
[06-04-22 21:09] Close: 43186.600 % 
[06-04-22 21:09] Close: 43186.700 % 
[06-04-22 21:09] Close: 43186.700 % 
[06-04-22 21:09] Close: 43187.700 % 
[06-04-22 21:09] Close: 43187.700 % 
[06-04-22 21:09] Close: 43187.800 % 
[06-04-22 21:09] Close: 43187.800 % 
[06-04-22 21:09] Close: 43187.700 % 
[06-04-22 21:09] Close: 43187.800 % 
[06-04-22 21:09] Close: 43187.800 % 
[06-04-22 21:09] Close: 43191.500 % 
[06-04-22 21:09] Close: 43191.500 % 
[06-04-22 21:09] Close: 43191.500 % 
[06-04-22 21:09] Close: 43194.100 % 
[06-04-22 21:09] Close: 43194.000 % 
[06-04-22 21:09] Close: 43194.100 % 
[06-04-22 21:09] Close: 43194.000 % 
[06-04-22 21:09] Close: 43194.000 % 
[06-04-22 21:09] Close: 43194.000 % 
[06-04-22 21:09] Close: 43194.000 % 
[06-04-22 21:09] Close: 43194.100 % 
[06-04-22 21:09] Close: 43194.100 % 
[06-04-22 21:09] Close: 43194.000 % 
[06-04-22 21:09] Close: 43194.000 % 
[06-04-22 21:09] Close: 43194.000 % 
[06-04-22 21:09] Close: 43194.100 % 
[06-04-22 21:09] Close: 43194.000 % 
[06-04-22 21:09] Close: 43189.000 % 
[06-04-22 21:09] Close: 43192.800 % 
[06-04-22 21:09] Close: 43191.200 % 
[06-04-22 21:09] Close: 43190.000 % 
[06-04-22 21:09] Close: 43187.500 % 
[06-04-22 21:09] Close: 43187.600 % 
[06-04-22 21:09] Close: 43192.700 % 
[06-04-22 21:09] Close: 43193.800 % 
[06-04-22 21:09] Close: 43193.800 % 
[06-04-22 21:09] Close: 43193.800 % 
[06-04-22 21:09] Close: 43193.700 % 
[06-04-22 21:09] Close: 43187.500 % 
[06-04-22 21:09] Close: 43186.700 % 
[06-04-22 21:09] Close: 43186.700 % 
[06-04-22 21:09] Close: 43186.700 % 
[06-04-22 21:09] Close: 43186.700 % 
[06-04-22 21:09] Close: 43186.600 % 
[06-04-22 21:09] Close: 43186.700 % 
[06-04-22 21:09] Close: 43186.700 % 
[06-04-22 21:09] Close: 43186.700 % 
[06-04-22 21:09] Close: 43186.600 % 
[06-04-22 21:09] Close: 43186.600 % 
[06-04-22 21:09] Close: 43186.700 % 
[06-04-22 21:09] Close: 43186.600 % 
[06-04-22 21:09] Close: 43186.600 % 
[06-04-22 21:09] Close: 43181.500 % 
[06-04-22 21:09] Close: 43181.500 % 
[06-04-22 21:09] Close: 43181.600 % 
[06-04-22 21:09] Close: 43181.600 % 
[06-04-22 21:09] Close: 43181.600 % 
[06-04-22 21:09] Close: 43181.500 % 
[06-04-22 21:09] Close: 43181.600 % 
[06-04-22 21:09] Close: 43181.600 % 
[06-04-22 21:09] Close: 43181.600 % 
[06-04-22 21:09] Close: 43181.500 % 
[06-04-22 21:09] Close: 43185.300 % 
[06-04-22 21:09] Close: 43185.700 % 
[06-04-22 21:10] Close: 43186.000 % 
[06-04-22 21:10] Close: 43186.700 % 
10
[06-04-22 21:10] Close: 43190.300 % 
[06-04-22 21:10] Close: 43190.400 % 
[06-04-22 21:10] Close: 43194.500 % 
[06-04-22 21:10] Close: 43194.500 % 
[06-04-22 21:10] Close: 43194.800 % 
[06-04-22 21:10] Close: 43194.900 % 
[06-04-22 21:10] Close: 43199.800 % 
[06-04-22 21:10] Close: 43199.700 % 
[06-04-22 21:10] Close: 43199.700 % 
[06-04-22 21:10] Close: 43195.100 % 
[06-04-22 21:10] Close: 43177.400 % 
[06-04-22 21:10] Close: 43181.800 % 
[06-04-22 21:10] Close: 43181.800 % 
[06-04-22 21:10] Close: 43181.800 % 
[06-04-22 21:10] Close: 43181.800 % 
[06-04-22 21:10] Close: 43181.700 % 
[06-04-22 21:10] Close: 43181.800 % 
[06-04-22 21:10] Close: 43181.700 % 
[06-04-22 21:10] Close: 43181.800 % 
[06-04-22 21:10] Close: 43181.800 % 
[06-04-22 21:10] Close: 43181.800 % 
[06-04-22 21:10] Close: 43181.800 % 
[06-04-22 21:10] Close: 43181.800 % 
[06-04-22 21:10] Close: 43181.800 % 
[06-04-22 21:10] Close: 43181.800 % 
[06-04-22 21:10] Close: 43181.700 % 
[06-04-22 21:10] Close: 43181.800 % 
[06-04-22 21:10] Close: 43177.900 % 
[06-04-22 21:10] Close: 43177.900 % 
[06-04-22 21:10] Close: 43171.300 % 
[06-04-22 21:10] Close: 43168.800 % 
[06-04-22 21:10] Close: 43168.800 % 
[06-04-22 21:10] Close: 43167.900 % 
[06-04-22 21:10] Close: 43163.600 % 
[06-04-22 21:10] Close: 43163.700 % 
[06-04-22 21:10] Close: 43163.600 % 
[06-04-22 21:10] Close: 43163.600 % 
[06-04-22 21:10] Close: 43163.700 % 
[06-04-22 21:10] Close: 43163.700 % 
[06-04-22 21:10] Close: 43163.600 % 
[06-04-22 21:10] Close: 43161.000 % 
[06-04-22 21:10] Close: 43161.000 % 
[06-04-22 21:10] Close: 43161.100 % 
[06-04-22 21:10] Close: 43160.200 % 
[06-04-22 21:10] Close: 43160.000 % 
[06-04-22 21:10] Close: 43160.100 % 
[06-04-22 21:10] Close: 43160.000 % 
[06-04-22 21:10] Close: 43157.800 % 
[06-04-22 21:10] Close: 43135.900 % 
[06-04-22 21:10] Close: 43131.800 % 
[06-04-22 21:10] Close: 43131.000 % 
[06-04-22 21:10] Close: 43130.300 % 
[06-04-22 21:10] Close: 43127.500 % 
[06-04-22 21:10] Close: 43123.300 % 
[06-04-22 21:10] Close: 43113.400 % 
[06-04-22 21:10] Close: 43111.200 % 
[06-04-22 21:10] Close: 43114.500 % 
[06-04-22 21:10] Close: 43109.000 % 
[06-04-22 21:10] Close: 43110.400 % 
[06-04-22 21:10] Close: 43118.000 % 
[06-04-22 21:10] Close: 43121.300 % 
[06-04-22 21:10] Close: 43118.000 % 
[06-04-22 21:10] Close: 43113.500 % 
[06-04-22 21:10] Close: 43119.100 % 
[06-04-22 21:10] Close: 43116.100 % 
[06-04-22 21:10] Close: 43116.100 % 
[06-04-22 21:10] Close: 43110.600 % 
[06-04-22 21:10] Close: 43110.700 % 
[06-04-22 21:10] Close: 43110.600 % 
[06-04-22 21:10] Close: 43109.600 % 
[06-04-22 21:10] Close: 43102.800 % 
[06-04-22 21:10] Close: 43103.800 % 
[06-04-22 21:10] Close: 43103.800 % 
[06-04-22 21:10] Close: 43102.100 % 
[06-04-22 21:10] Close: 43102.500 % 
[06-04-22 21:10] Close: 43102.200 % 
[06-04-22 21:10] Close: 43102.200 % 
[06-04-22 21:10] Close: 43100.700 % 
[06-04-22 21:10] Close: 43095.500 % 
[06-04-22 21:10] Close: 43095.600 % 
[06-04-22 21:10] Close: 43099.700 % 
[06-04-22 21:10] Close: 43106.300 % 
[06-04-22 21:10] Close: 43093.500 % 
[06-04-22 21:10] Close: 43100.500 % 
[06-04-22 21:10] Close: 43102.000 % 
[06-04-22 21:10] Close: 43102.700 % 
[06-04-22 21:10] Close: 43097.700 % 
[06-04-22 21:10] Close: 43100.400 % 
[06-04-22 21:10] Close: 43095.100 % 
[06-04-22 21:10] Close: 43096.600 % 
[06-04-22 21:10] Close: 43096.600 % 
[06-04-22 21:10] Close: 43092.200 % 
[06-04-22 21:10] Close: 43096.400 % 
[06-04-22 21:10] Close: 43100.000 % 
[06-04-22 21:10] Close: 43099.900 % 
[06-04-22 21:10] Close: 43095.000 % 
[06-04-22 21:10] Close: 43097.900 % 
[06-04-22 21:10] Close: 43089.900 % 
[06-04-22 21:10] Close: 43091.300 % 
[06-04-22 21:10] Close: 43091.400 % 
[06-04-22 21:10] Close: 43088.700 % 
[06-04-22 21:10] Close: 43098.800 % 
[06-04-22 21:10] Close: 43095.600 % 
[06-04-22 21:10] Close: 43100.200 % 
[06-04-22 21:10] Close: 43112.200 % 
[06-04-22 21:10] Close: 43124.300 % 
[06-04-22 21:10] Close: 43129.900 % 
[06-04-22 21:10] Close: 43131.800 % 
[06-04-22 21:10] Close: 43136.400 % 
[06-04-22 21:10] Close: 43139.200 % 
[06-04-22 21:10] Close: 43152.000 % 
[06-04-22 21:10] Close: 43152.000 % 
[06-04-22 21:10] Close: 43152.100 % 
[06-04-22 21:10] Close: 43152.100 % 
[06-04-22 21:10] Close: 43152.100 % 
[06-04-22 21:10] Close: 43152.100 % 
[06-04-22 21:10] Close: 43152.100 % 
[06-04-22 21:10] Close: 43152.900 % 
[06-04-22 21:10] Close: 43154.170 % 
[06-04-22 21:10] Close: 43156.800 % 
[06-04-22 21:10] Close: 43163.100 % 
[06-04-22 21:10] Close: 43166.500 % 
[06-04-22 21:10] Close: 43175.000 % 
[06-04-22 21:10] Close: 43175.000 % 
[06-04-22 21:10] Close: 43175.200 % 
[06-04-22 21:10] Close: 43181.600 % 
[06-04-22 21:10] Close: 43181.800 % 
[06-04-22 21:10] Close: 43184.100 % 
[06-04-22 21:10] Close: 43187.900 % 
[06-04-22 21:10] Close: 43187.900 % 
[06-04-22 21:10] Close: 43190.700 % 
[06-04-22 21:10] Close: 43199.800 % 
[06-04-22 21:10] Close: 43208.600 % 
[06-04-22 21:10] Close: 43210.000 % 
[06-04-22 21:10] Close: 43210.700 % 
[06-04-22 21:10] Close: 43210.700 % 
[06-04-22 21:10] Close: 43210.800 % 
[06-04-22 21:10] Close: 43212.600 % 
[06-04-22 21:10] Close: 43207.800 % 
[06-04-22 21:10] Close: 43201.300 % 
[06-04-22 21:10] Close: 43201.000 % 
[06-04-22 21:10] Close: 43202.300 % 
[06-04-22 21:10] Close: 43206.700 % 
[06-04-22 21:10] Close: 43214.000 % 
[06-04-22 21:10] Close: 43217.400 % 
[06-04-22 21:10] Close: 43220.000 % 
[06-04-22 21:10] Close: 43220.500 % 
[06-04-22 21:10] Close: 43220.400 % 
[06-04-22 21:10] Close: 43225.500 % 
[06-04-22 21:10] Close: 43230.500 % 
[06-04-22 21:10] Close: 43232.900 % 
[06-04-22 21:10] Close: 43233.200 % 
[06-04-22 21:10] Close: 43242.900 % 
[06-04-22 21:10] Close: 43246.500 % 
[06-04-22 21:10] Close: 43247.800 % 
[06-04-22 21:10] Close: 43245.700 % 
[06-04-22 21:10] Close: 43238.300 % 
[06-04-22 21:10] Close: 43235.400 % 
[06-04-22 21:10] Close: 43245.600 % 
[06-04-22 21:10] Close: 43249.000 % 
[06-04-22 21:10] Close: 43249.100 % 
[06-04-22 21:10] Close: 43255.700 % 
[06-04-22 21:10] Close: 43262.600 % 
[06-04-22 21:10] Close: 43262.600 % 
[06-04-22 21:10] Close: 43264.400 % 
[06-04-22 21:10] Close: 43267.900 % 
[06-04-22 21:10] Close: 43267.900 % 
[06-04-22 21:10] Close: 43267.900 % 
[06-04-22 21:10] Close: 43270.000 % 
[06-04-22 21:10] Close: 43282.800 % 
[06-04-22 21:10] Close: 43285.800 % 
[06-04-22 21:10] Close: 43288.600 % 
[06-04-22 21:10] Close: 43289.000 % 
[06-04-22 21:10] Close: 43289.500 % 
[06-04-22 21:10] Close: 43290.600 % 
[06-04-22 21:10] Close: 43293.000 % 
[06-04-22 21:10] Close: 43294.900 % 
[06-04-22 21:10] Close: 43287.200 % 
[06-04-22 21:10] Close: 43285.600 % 
[06-04-22 21:10] Close: 43294.100 % 
[06-04-22 21:10] Close: 43294.100 % 
[06-04-22 21:10] Close: 43299.900 % 
[06-04-22 21:10] Close: 43306.200 % 
[06-04-22 21:10] Close: 43309.900 % 
[06-04-22 21:10] Close: 43311.500 % 
[06-04-22 21:10] Close: 43322.300 % 
[06-04-22 21:10] Close: 43322.400 % 
[06-04-22 21:10] Close: 43312.000 % 
[06-04-22 21:10] Close: 43307.400 % 
[06-04-22 21:10] Close: 43306.400 % 
[06-04-22 21:10] Close: 43317.600 % 
[06-04-22 21:10] Close: 43317.700 % 
[06-04-22 21:10] Close: 43316.800 % 
[06-04-22 21:10] Close: 43305.800 % 
[06-04-22 21:10] Close: 43304.100 % 
[06-04-22 21:10] Close: 43296.000 % 
[06-04-22 21:10] Close: 43294.400 % 
[06-04-22 21:10] Close: 43290.700 % 
[06-04-22 21:10] Close: 43290.700 % 
[06-04-22 21:10] Close: 43294.700 % 
[06-04-22 21:10] Close: 43295.700 % 
[06-04-22 21:10] Close: 43301.700 % 
[06-04-22 21:10] Close: 43306.000 % 
[06-04-22 21:10] Close: 43315.000 % 
[06-04-22 21:10] Close: 43313.700 % 
[06-04-22 21:10] Close: 43307.000 % 
[06-04-22 21:10] Close: 43296.200 % 
[06-04-22 21:10] Close: 43296.100 % 
[06-04-22 21:10] Close: 43295.000 % 
[06-04-22 21:11] Close: 43295.400 % 
11
[06-04-22 21:11] Close: 43298.000 % 
[06-04-22 21:11] Close: 43298.400 % 
[06-04-22 21:11] Close: 43301.800 % 
[06-04-22 21:11] Close: 43313.600 % 
[06-04-22 21:11] Close: 43318.100 % 
[06-04-22 21:11] Close: 43318.100 % 
[06-04-22 21:11] Close: 43322.300 % 
[06-04-22 21:11] Close: 43322.700 % 
[06-04-22 21:11] Close: 43328.700 % 
[06-04-22 21:11] Close: 43328.500 % 
[06-04-22 21:11] Close: 43318.100 % 
[06-04-22 21:11] Close: 43318.400 % 
[06-04-22 21:11] Close: 43318.500 % 
[06-04-22 21:11] Close: 43322.900 % 
[06-04-22 21:11] Close: 43328.700 % 
[06-04-22 21:11] Close: 43331.700 % 
[06-04-22 21:11] Close: 43335.000 % 
[06-04-22 21:11] Close: 43333.800 % 
[06-04-22 21:11] Close: 43335.000 % 
[06-04-22 21:11] Close: 43329.200 % 
[06-04-22 21:11] Close: 43337.100 % 
[06-04-22 21:11] Close: 43336.900 % 
[06-04-22 21:11] Close: 43341.300 % 
[06-04-22 21:11] Close: 43331.400 % 
[06-04-22 21:11] Close: 43322.900 % 
[06-04-22 21:11] Close: 43322.800 % 
[06-04-22 21:11] Close: 43317.700 % 
[06-04-22 21:11] Close: 43315.800 % 
[06-04-22 21:11] Close: 43315.000 % 
[06-04-22 21:11] Close: 43315.000 % 
[06-04-22 21:11] Close: 43320.400 % 
[06-04-22 21:11] Close: 43329.600 % 
[06-04-22 21:11] Close: 43328.000 % 
[06-04-22 21:11] Close: 43320.600 % 
[06-04-22 21:11] Close: 43320.700 % 
[06-04-22 21:11] Close: 43326.300 % 
[06-04-22 21:11] Close: 43323.400 % 
[06-04-22 21:11] Close: 43323.300 % 
[06-04-22 21:11] Close: 43323.400 % 
[06-04-22 21:11] Close: 43323.400 % 
[06-04-22 21:11] Close: 43323.400 % 
[06-04-22 21:11] Close: 43320.600 % 
[06-04-22 21:11] Close: 43314.500 % 
[06-04-22 21:11] Close: 43309.500 % 
[06-04-22 21:11] Close: 43309.600 % 
[06-04-22 21:11] Close: 43309.500 % 
[06-04-22 21:11] Close: 43304.300 % 
[06-04-22 21:11] Close: 43300.100 % 
[06-04-22 21:11] Close: 43295.100 % 
[06-04-22 21:11] Close: 43291.600 % 
[06-04-22 21:11] Close: 43286.600 % 
[06-04-22 21:11] Close: 43287.900 % 
[06-04-22 21:11] Close: 43289.600 % 
[06-04-22 21:11] Close: 43293.100 % 
[06-04-22 21:11] Close: 43296.600 % 
[06-04-22 21:11] Close: 43296.600 % 
[06-04-22 21:11] Close: 43296.800 % 
[06-04-22 21:11] Close: 43291.500 % 
[06-04-22 21:11] Close: 43284.100 % 
[06-04-22 21:11] Close: 43293.900 % 
[06-04-22 21:11] Close: 43292.400 % 
[06-04-22 21:11] Close: 43298.900 % 
[06-04-22 21:11] Close: 43298.900 % 
[06-04-22 21:11] Close: 43291.000 % 
[06-04-22 21:11] Close: 43291.100 % 
[06-04-22 21:11] Close: 43291.100 % 
[06-04-22 21:11] Close: 43289.300 % 
[06-04-22 21:11] Close: 43287.600 % 
[06-04-22 21:11] Close: 43284.000 % 
[06-04-22 21:11] Close: 43281.800 % 
[06-04-22 21:11] Close: 43279.000 % 
[06-04-22 21:11] Close: 43274.000 % 
[06-04-22 21:11] Close: 43271.300 % 
[06-04-22 21:11] Close: 43271.300 % 
[06-04-22 21:11] Close: 43261.900 % 
[06-04-22 21:11] Close: 43261.800 % 
[06-04-22 21:11] Close: 43261.800 % 
[06-04-22 21:11] Close: 43257.000 % 
[06-04-22 21:11] Close: 43248.900 % 
[06-04-22 21:11] Close: 43243.200 % 
[06-04-22 21:11] Close: 43240.000 % 
[06-04-22 21:11] Close: 43240.100 % 
[06-04-22 21:11] Close: 43240.100 % 
[06-04-22 21:11] Close: 43237.600 % 
[06-04-22 21:11] Close: 43231.900 % 
[06-04-22 21:11] Close: 43230.000 % 
[06-04-22 21:11] Close: 43233.400 % 
[06-04-22 21:11] Close: 43233.500 % 
[06-04-22 21:11] Close: 43236.400 % 
[06-04-22 21:11] Close: 43237.100 % 
[06-04-22 21:11] Close: 43244.600 % 
[06-04-22 21:11] Close: 43244.800 % 
[06-04-22 21:11] Close: 43248.600 % 
[06-04-22 21:11] Close: 43243.500 % 
[06-04-22 21:11] Close: 43239.300 % 
[06-04-22 21:11] Close: 43239.200 % 
[06-04-22 21:11] Close: 43246.700 % 
[06-04-22 21:11] Close: 43250.000 % 
[06-04-22 21:11] Close: 43249.900 % 
[06-04-22 21:11] Close: 43257.900 % 
[06-04-22 21:11] Close: 43259.500 % 
[06-04-22 21:11] Close: 43256.300 % 
[06-04-22 21:11] Close: 43260.700 % 
[06-04-22 21:11] Close: 43264.300 % 
[06-04-22 21:11] Close: 43264.400 % 
[06-04-22 21:11] Close: 43268.800 % 
[06-04-22 21:11] Close: 43268.800 % 
[06-04-22 21:11] Close: 43270.900 % 
[06-04-22 21:11] Close: 43271.300 % 
[06-04-22 21:11] Close: 43275.300 % 
[06-04-22 21:11] Close: 43279.500 % 
[06-04-22 21:11] Close: 43289.600 % 
[06-04-22 21:11] Close: 43289.600 % 
[06-04-22 21:11] Close: 43289.500 % 
[06-04-22 21:11] Close: 43289.600 % 
[06-04-22 21:11] Close: 43289.500 % 
[06-04-22 21:11] Close: 43279.800 % 
[06-04-22 21:11] Close: 43278.800 % 
[06-04-22 21:11] Close: 43280.800 % 
[06-04-22 21:11] Close: 43289.600 % 
[06-04-22 21:11] Close: 43289.600 % 
[06-04-22 21:11] Close: 43289.600 % 
[06-04-22 21:11] Close: 43299.900 % 
[06-04-22 21:11] Close: 43296.000 % 
[06-04-22 21:11] Close: 43289.700 % 
[06-04-22 21:11] Close: 43289.600 % 
[06-04-22 21:11] Close: 43289.600 % 
[06-04-22 21:11] Close: 43289.600 % 
[06-04-22 21:11] Close: 43294.000 % 
[06-04-22 21:11] Close: 43296.100 % 
[06-04-22 21:11] Close: 43296.000 % 
[06-04-22 21:11] Close: 43296.100 % 
[06-04-22 21:11] Close: 43296.000 % 
[06-04-22 21:11] Close: 43300.000 % 
[06-04-22 21:11] Close: 43300.000 % 
[06-04-22 21:11] Close: 43299.900 % 
[06-04-22 21:11] Close: 43300.000 % 
[06-04-22 21:11] Close: 43300.600 % 
[06-04-22 21:11] Close: 43300.500 % 
[06-04-22 21:11] Close: 43300.500 % 
[06-04-22 21:11] Close: 43300.000 % 
[06-04-22 21:11] Close: 43292.300 % 
[06-04-22 21:11] Close: 43292.300 % 
[06-04-22 21:11] Close: 43289.700 % 
[06-04-22 21:11] Close: 43292.300 % 
[06-04-22 21:11] Close: 43297.500 % 
[06-04-22 21:11] Close: 43311.700 % 
[06-04-22 21:11] Close: 43311.700 % 
[06-04-22 21:11] Close: 43311.700 % 
[06-04-22 21:11] Close: 43305.200 % 
[06-04-22 21:11] Close: 43305.200 % 
[06-04-22 21:11] Close: 43302.200 % 
[06-04-22 21:11] Close: 43302.100 % 
[06-04-22 21:11] Close: 43297.200 % 
[06-04-22 21:11] Close: 43292.300 % 
[06-04-22 21:11] Close: 43296.700 % 
[06-04-22 21:11] Close: 43301.700 % 
[06-04-22 21:11] Close: 43301.700 % 
[06-04-22 21:11] Close: 43309.600 % 
[06-04-22 21:11] Close: 43312.900 % 
[06-04-22 21:11] Close: 43312.900 % 
[06-04-22 21:11] Close: 43312.800 % 
[06-04-22 21:11] Close: 43309.800 % 
[06-04-22 21:11] Close: 43309.700 % 
[06-04-22 21:11] Close: 43290.000 % 
[06-04-22 21:11] Close: 43290.000 % 
[06-04-22 21:11] Close: 43290.000 % 
[06-04-22 21:11] Close: 43284.200 % 
[06-04-22 21:11] Close: 43284.100 % 
[06-04-22 21:11] Close: 43284.200 % 
[06-04-22 21:11] Close: 43284.200 % 
[06-04-22 21:11] Close: 43284.200 % 
[06-04-22 21:11] Close: 43284.100 % 
[06-04-22 21:11] Close: 43284.200 % 
[06-04-22 21:11] Close: 43280.700 % 
[06-04-22 21:11] Close: 43276.400 % 
[06-04-22 21:11] Close: 43276.700 % 
[06-04-22 21:11] Close: 43276.700 % 
[06-04-22 21:11] Close: 43280.000 % 
[06-04-22 21:11] Close: 43281.200 % 
[06-04-22 21:11] Close: 43281.200 % 
[06-04-22 21:11] Close: 43281.200 % 
[06-04-22 21:11] Close: 43283.900 % 
[06-04-22 21:11] Close: 43285.500 % 
[06-04-22 21:11] Close: 43285.600 % 
[06-04-22 21:11] Close: 43287.000 % 
[06-04-22 21:11] Close: 43283.900 % 
[06-04-22 21:11] Close: 43280.600 % 
[06-04-22 21:11] Close: 43285.000 % 
[06-04-22 21:11] Close: 43285.000 % 
[06-04-22 21:11] Close: 43285.000 % 
[06-04-22 21:11] Close: 43285.000 % 
[06-04-22 21:11] Close: 43284.900 % 
[06-04-22 21:11] Close: 43285.000 % 
[06-04-22 21:11] Close: 43285.000 % 
[06-04-22 21:11] Close: 43285.000 % 
[06-04-22 21:11] Close: 43285.000 % 
[06-04-22 21:11] Close: 43284.900 % 
[06-04-22 21:11] Close: 43285.000 % 
[06-04-22 21:11] Close: 43287.100 % 
[06-04-22 21:11] Close: 43287.200 % 
[06-04-22 21:11] Close: 43284.300 % 
[06-04-22 21:11] Close: 43281.700 % 
[06-04-22 21:11] Close: 43278.000 % 
[06-04-22 21:11] Close: 43273.700 % 
[06-04-22 21:11] Close: 43270.400 % 
[06-04-22 21:11] Close: 43265.100 % 
[06-04-22 21:11] Close: 43263.500 % 
[06-04-22 21:12] Close: 43262.300 % 
12
[06-04-22 21:12] Close: 43262.300 % 
[06-04-22 21:12] Close: 43260.700 % 
[06-04-22 21:12] Close: 43260.600 % 
[06-04-22 21:12] Close: 43265.000 % 
[06-04-22 21:12] Close: 43268.000 % 
[06-04-22 21:12] Close: 43269.200 % 
[06-04-22 21:12] Close: 43269.200 % 
[06-04-22 21:12] Close: 43269.400 % 
[06-04-22 21:12] Close: 43269.400 % 
[06-04-22 21:12] Close: 43269.400 % 
[06-04-22 21:12] Close: 43269.400 % 
[06-04-22 21:12] Close: 43268.900 % 
[06-04-22 21:12] Close: 43264.300 % 
[06-04-22 21:12] Close: 43260.500 % 
[06-04-22 21:12] Close: 43259.300 % 
[06-04-22 21:12] Close: 43259.300 % 
[06-04-22 21:12] Close: 43254.600 % 
[06-04-22 21:12] Close: 43249.100 % 
[06-04-22 21:12] Close: 43249.100 % 
[06-04-22 21:12] Close: 43249.100 % 
[06-04-22 21:12] Close: 43249.100 % 
[06-04-22 21:12] Close: 43246.100 % 
[06-04-22 21:12] Close: 43241.100 % 
[06-04-22 21:12] Close: 43240.900 % 
[06-04-22 21:12] Close: 43240.800 % 
[06-04-22 21:12] Close: 43240.800 % 
[06-04-22 21:12] Close: 43240.700 % 
[06-04-22 21:12] Close: 43239.400 % 
[06-04-22 21:12] Close: 43238.400 % 
[06-04-22 21:12] Close: 43238.400 % 
[06-04-22 21:12] Close: 43234.700 % 
[06-04-22 21:12] Close: 43234.600 % 
[06-04-22 21:12] Close: 43234.600 % 
[06-04-22 21:12] Close: 43234.600 % 
[06-04-22 21:12] Close: 43230.800 % 
[06-04-22 21:12] Close: 43230.800 % 
[06-04-22 21:12] Close: 43230.000 % 
[06-04-22 21:12] Close: 43224.900 % 
[06-04-22 21:12] Close: 43224.900 % 
[06-04-22 21:12] Close: 43224.900 % 
[06-04-22 21:12] Close: 43224.900 % 
[06-04-22 21:12] Close: 43222.000 % 
[06-04-22 21:12] Close: 43217.600 % 
[06-04-22 21:12] Close: 43217.700 % 
[06-04-22 21:12] Close: 43222.000 % 
[06-04-22 21:12] Close: 43227.300 % 
[06-04-22 21:12] Close: 43230.700 % 
[06-04-22 21:12] Close: 43231.500 % 
[06-04-22 21:12] Close: 43234.600 % 
[06-04-22 21:12] Close: 43236.500 % 
[06-04-22 21:12] Close: 43244.800 % 
[06-04-22 21:12] Close: 43246.700 % 
[06-04-22 21:12] Close: 43246.700 % 
[06-04-22 21:12] Close: 43246.800 % 
[06-04-22 21:12] Close: 43246.700 % 
[06-04-22 21:12] Close: 43236.100 % 
[06-04-22 21:12] Close: 43236.100 % 
[06-04-22 21:12] Close: 43236.100 % 
[06-04-22 21:12] Close: 43261.300 % 
[06-04-22 21:12] Close: 43263.000 % 
[06-04-22 21:12] Close: 43253.800 % 
[06-04-22 21:12] Close: 43248.800 % 
[06-04-22 21:12] Close: 43248.800 % 
[06-04-22 21:12] Close: 43253.100 % 
[06-04-22 21:12] Close: 43257.500 % 
[06-04-22 21:12] Close: 43262.700 % 
[06-04-22 21:12] Close: 43262.700 % 
[06-04-22 21:12] Close: 43262.600 % 
[06-04-22 21:12] Close: 43266.600 % 
[06-04-22 21:12] Close: 43267.400 % 
[06-04-22 21:12] Close: 43270.400 % 
[06-04-22 21:12] Close: 43274.500 % 
[06-04-22 21:12] Close: 43276.500 % 
[06-04-22 21:12] Close: 43283.200 % 
[06-04-22 21:12] Close: 43284.200 % 
[06-04-22 21:12] Close: 43284.300 % 
[06-04-22 21:12] Close: 43284.200 % 
[06-04-22 21:12] Close: 43282.800 % 
[06-04-22 21:12] Close: 43279.300 % 
[06-04-22 21:12] Close: 43279.300 % 
[06-04-22 21:12] Close: 43279.300 % 
[06-04-22 21:12] Close: 43279.000 % 
[06-04-22 21:12] Close: 43279.100 % 
[06-04-22 21:12] Close: 43279.000 % 
[06-04-22 21:12] Close: 43274.900 % 
[06-04-22 21:12] Close: 43274.800 % 
[06-04-22 21:12] Close: 43274.900 % 
[06-04-22 21:12] Close: 43269.900 % 
[06-04-22 21:12] Close: 43265.500 % 
[06-04-22 21:12] Close: 43265.400 % 
[06-04-22 21:12] Close: 43262.800 % 
[06-04-22 21:12] Close: 43267.200 % 
[06-04-22 21:12] Close: 43275.200 % 
[06-04-22 21:12] Close: 43276.600 % 
[06-04-22 21:12] Close: 43279.000 % 
[06-04-22 21:12] Close: 43281.000 % 
[06-04-22 21:12] Close: 43280.900 % 
[06-04-22 21:12] Close: 43282.200 % 
[06-04-22 21:12] Close: 43284.200 % 
[06-04-22 21:12] Close: 43284.200 % 
[06-04-22 21:12] Close: 43287.300 % 
[06-04-22 21:12] Close: 43288.500 % 
[06-04-22 21:12] Close: 43288.400 % 
[06-04-22 21:12] Close: 43288.400 % 
[06-04-22 21:12] Close: 43288.500 % 
[06-04-22 21:12] Close: 43289.900 % 
[06-04-22 21:12] Close: 43290.000 % 
[06-04-22 21:12] Close: 43290.000 % 
[06-04-22 21:12] Close: 43290.000 % 
[06-04-22 21:12] Close: 43289.900 % 
[06-04-22 21:12] Close: 43289.900 % 
[06-04-22 21:12] Close: 43285.900 % 
[06-04-22 21:12] Close: 43285.100 % 
[06-04-22 21:12] Close: 43284.300 % 
[06-04-22 21:12] Close: 43284.100 % 
[06-04-22 21:12] Close: 43279.600 % 
[06-04-22 21:12] Close: 43279.600 % 
[06-04-22 21:12] Close: 43279.100 % 
[06-04-22 21:12] Close: 43279.000 % 
[06-04-22 21:12] Close: 43276.700 % 
[06-04-22 21:12] Close: 43276.800 % 
[06-04-22 21:12] Close: 43276.700 % 
[06-04-22 21:12] Close: 43266.600 % 
[06-04-22 21:12] Close: 43276.500 % 
[06-04-22 21:12] Close: 43276.600 % 
[06-04-22 21:12] Close: 43276.500 % 
[06-04-22 21:12] Close: 43276.500 % 
Error socket
[Errno 54] Connection reset by peer
closed connection
